# JRE version: OpenJDK Runtime Environment (8.0_152-b01) (build 1.8.0_152-release-1343-b01)
# Java VM: OpenJDK 64-Bit Server VM (25.152-b01 mixed mode windows-amd64 compressed oops)
Heap:
 PSYoungGen      total 431616K, used 157788K [0x00000000e0000000, 0x0000000100000000, 0x0000000100000000)
  eden space 338944K, 46% used [0x00000000e0000000,0x00000000e9857398,0x00000000f4b00000)
  from space 92672K, 1% used [0x00000000f4b00000,0x00000000f4cc0010,0x00000000fa580000)
  to   space 89600K, 0% used [0x00000000fa880000,0x00000000fa880000,0x0000000100000000)
 ParOldGen       total 287232K, used 109919K [0x00000000a0000000, 0x00000000b1880000, 0x00000000e0000000)
  object space 287232K, 38% used [0x00000000a0000000,0x00000000a6b57ca8,0x00000000b1880000)
 Metaspace       used 100330K, capacity 105290K, committed 105432K, reserved 1140736K
  class space    used 12333K, capacity 13228K, committed 13312K, reserved 1048576K
GC Heap History (10 events):
Event: 3468.034 GC heap before
{Heap before GC invocations=47 (full 6):
 PSYoungGen      total 415232K, used 326680K [0x00000000e0000000, 0x00000000ff880000, 0x0000000100000000)
  eden space 324096K, 100% used [0x00000000e0000000,0x00000000f3c80000,0x00000000f3c80000)
  from space 91136K, 2% used [0x00000000f9f80000,0x00000000fa206028,0x00000000ff880000)
  to   space 96256K, 0% used [0x00000000f3c80000,0x00000000f3c80000,0x00000000f9a80000)
 ParOldGen       total 287232K, used 92663K [0x00000000a0000000, 0x00000000b1880000, 0x00000000e0000000)
  object space 287232K, 32% used [0x00000000a0000000,0x00000000a5a7dd18,0x00000000b1880000)
 Metaspace       used 98244K, capacity 102472K, committed 104152K, reserved 1140736K
  class space    used 12112K, capacity 12874K, committed 13312K, reserved 1048576K
Event: 3468.058 GC heap after
Heap after GC invocations=47 (full 6):
 PSYoungGen      total 420352K, used 4702K [0x00000000e0000000, 0x00000000ffe00000, 0x0000000100000000)
  eden space 324096K, 0% used [0x00000000e0000000,0x00000000e0000000,0x00000000f3c80000)
  from space 96256K, 4% used [0x00000000f3c80000,0x00000000f4117988,0x00000000f9a80000)
  to   space 92672K, 0% used [0x00000000fa380000,0x00000000fa380000,0x00000000ffe00000)
 ParOldGen       total 287232K, used 93423K [0x00000000a0000000, 0x00000000b1880000, 0x00000000e0000000)
  object space 287232K, 32% used [0x00000000a0000000,0x00000000a5b3bd48,0x00000000b1880000)
 Metaspace       used 98244K, capacity 102472K, committed 104152K, reserved 1140736K
  class space    used 12112K, capacity 12874K, committed 13312K, reserved 1048576K
}
Event: 3477.642 GC heap before
{Heap before GC invocations=48 (full 6):
 PSYoungGen      total 420352K, used 328798K [0x00000000e0000000, 0x00000000ffe00000, 0x0000000100000000)
  eden space 324096K, 100% used [0x00000000e0000000,0x00000000f3c80000,0x00000000f3c80000)
  from space 96256K, 4% used [0x00000000f3c80000,0x00000000f4117988,0x00000000f9a80000)
  to   space 92672K, 0% used [0x00000000fa380000,0x00000000fa380000,0x00000000ffe00000)
 ParOldGen       total 287232K, used 93423K [0x00000000a0000000, 0x00000000b1880000, 0x00000000e0000000)
  object space 287232K, 32% used [0x00000000a0000000,0x00000000a5b3bd48,0x00000000b1880000)
 Metaspace       used 98332K, capacity 102572K, committed 104152K, reserved 1140736K
  class space    used 12114K, capacity 12878K, committed 13312K, reserved 1048576K
Event: 3477.649 GC heap after
Heap after GC invocations=48 (full 6):
 PSYoungGen      total 420352K, used 1642K [0x00000000e0000000, 0x00000000ff680000, 0x0000000100000000)
  eden space 335360K, 0% used [0x00000000e0000000,0x00000000e0000000,0x00000000f4780000)
  from space 84992K, 1% used [0x00000000fa380000,0x00000000fa51a878,0x00000000ff680000)
  to   space 89600K, 0% used [0x00000000f4780000,0x00000000f4780000,0x00000000f9f00000)
 ParOldGen       total 287232K, used 93951K [0x00000000a0000000, 0x00000000b1880000, 0x00000000e0000000)
  object space 287232K, 32% used [0x00000000a0000000,0x00000000a5bbfd48,0x00000000b1880000)
 Metaspace       used 98332K, capacity 102572K, committed 104152K, reserved 1140736K
  class space    used 12114K, capacity 12878K, committed 13312K, reserved 1048576K
}
Event: 5291.109 GC heap before
{Heap before GC invocations=49 (full 6):
 PSYoungGen      total 420352K, used 337002K [0x00000000e0000000, 0x00000000ff680000, 0x0000000100000000)
  eden space 335360K, 100% used [0x00000000e0000000,0x00000000f4780000,0x00000000f4780000)
  from space 84992K, 1% used [0x00000000fa380000,0x00000000fa51a878,0x00000000ff680000)
  to   space 89600K, 0% used [0x00000000f4780000,0x00000000f4780000,0x00000000f9f00000)
 ParOldGen       total 287232K, used 93951K [0x00000000a0000000, 0x00000000b1880000, 0x00000000e0000000)
  object space 287232K, 32% used [0x00000000a0000000,0x00000000a5bbfd48,0x00000000b1880000)
 Metaspace       used 99080K, capacity 103732K, committed 104408K, reserved 1140736K
  class space    used 12195K, capacity 13024K, committed 13312K, reserved 1048576K
Event: 5295.996 GC heap after
Heap after GC invocations=49 (full 6):
 PSYoungGen      total 424960K, used 7377K [0x00000000e0000000, 0x00000000ffc80000, 0x0000000100000000)
  eden space 335360K, 0% used [0x00000000e0000000,0x00000000e0000000,0x00000000f4780000)
  from space 89600K, 8% used [0x00000000f4780000,0x00000000f4eb4480,0x00000000f9f00000)
  to   space 85504K, 0% used [0x00000000fa900000,0x00000000fa900000,0x00000000ffc80000)
 ParOldGen       total 287232K, used 94904K [0x00000000a0000000, 0x00000000b1880000, 0x00000000e0000000)
  object space 287232K, 33% used [0x00000000a0000000,0x00000000a5cae080,0x00000000b1880000)
 Metaspace       used 99080K, capacity 103732K, committed 104408K, reserved 1140736K
  class space    used 12195K, capacity 13024K, committed 13312K, reserved 1048576K
}
Event: 5435.575 GC heap before
{Heap before GC invocations=50 (full 6):
 PSYoungGen      total 424960K, used 342737K [0x00000000e0000000, 0x00000000ffc80000, 0x0000000100000000)
  eden space 335360K, 100% used [0x00000000e0000000,0x00000000f4780000,0x00000000f4780000)
  from space 89600K, 8% used [0x00000000f4780000,0x00000000f4eb4480,0x00000000f9f00000)
  to   space 85504K, 0% used [0x00000000fa900000,0x00000000fa900000,0x00000000ffc80000)
 ParOldGen       total 287232K, used 94904K [0x00000000a0000000, 0x00000000b1880000, 0x00000000e0000000)
  object space 287232K, 33% used [0x00000000a0000000,0x00000000a5cae080,0x00000000b1880000)
 Metaspace       used 100000K, capacity 104818K, committed 105176K, reserved 1140736K
  class space    used 12302K, capacity 13173K, committed 13312K, reserved 1048576K
Event: 5442.913 GC heap after
Heap after GC invocations=50 (full 6):
 PSYoungGen      total 424448K, used 57544K [0x00000000e0000000, 0x0000000100000000, 0x0000000100000000)
  eden space 338944K, 0% used [0x00000000e0000000,0x00000000e0000000,0x00000000f4b00000)
  from space 85504K, 67% used [0x00000000fa900000,0x00000000fe132150,0x00000000ffc80000)
  to   space 92672K, 0% used [0x00000000f4b00000,0x00000000f4b00000,0x00000000fa580000)
 ParOldGen       total 287232K, used 101050K [0x00000000a0000000, 0x00000000b1880000, 0x00000000e0000000)
  object space 287232K, 35% used [0x00000000a0000000,0x00000000a62aeba8,0x00000000b1880000)
 Metaspace       used 100000K, capacity 104818K, committed 105176K, reserved 1140736K
  class space    used 12302K, capacity 13173K, committed 13312K, reserved 1048576K
}
Event: 5448.919 GC heap before
{Heap before GC invocations=51 (full 6):
 PSYoungGen      total 424448K, used 396488K [0x00000000e0000000, 0x0000000100000000, 0x0000000100000000)
  eden space 338944K, 100% used [0x00000000e0000000,0x00000000f4b00000,0x00000000f4b00000)
  from space 85504K, 67% used [0x00000000fa900000,0x00000000fe132150,0x00000000ffc80000)
  to   space 92672K, 0% used [0x00000000f4b00000,0x00000000f4b00000,0x00000000fa580000)
 ParOldGen       total 287232K, used 101050K [0x00000000a0000000, 0x00000000b1880000, 0x00000000e0000000)
  object space 287232K, 35% used [0x00000000a0000000,0x00000000a62aeba8,0x00000000b1880000)
 Metaspace       used 100060K, capacity 104890K, committed 105176K, reserved 1140736K
  class space    used 12310K, capacity 13185K, committed 13312K, reserved 1048576K
Event: 5449.387 GC heap after
Heap after GC invocations=51 (full 6):
 PSYoungGen      total 431616K, used 1792K [0x00000000e0000000, 0x0000000100000000, 0x0000000100000000)
  eden space 338944K, 0% used [0x00000000e0000000,0x00000000e0000000,0x00000000f4b00000)
  from space 92672K, 1% used [0x00000000f4b00000,0x00000000f4cc0010,0x00000000fa580000)
  to   space 89600K, 0% used [0x00000000fa880000,0x00000000fa880000,0x0000000100000000)
 ParOldGen       total 287232K, used 109919K [0x00000000a0000000, 0x00000000b1880000, 0x00000000e0000000)
  object space 287232K, 38% used [0x00000000a0000000,0x00000000a6b57ca8,0x00000000b1880000)
 Metaspace       used 100060K, capacity 104890K, committed 105176K, reserved 1140736K
  class space    used 12310K, capacity 13185K, committed 13312K, reserved 1048576K
}

