# JRE version: OpenJDK Runtime Environment (8.0_202-b03) (build 1.8.0_202-release-1483-b03)
# Java VM: OpenJDK 64-Bit Server VM (25.202-b03 mixed mode windows-amd64 compressed oops)
Heap:
 PSYoungGen      total 196608K, used 21911K [0x00000000e0000000, 0x00000000ef280000, 0x0000000100000000)
  eden space 150016K, 14% used [0x00000000e0000000,0x00000000e1565f40,0x00000000e9280000)
  from space 46592K, 0% used [0x00000000ec500000,0x00000000ec500000,0x00000000ef280000)
  to   space 49152K, 0% used [0x00000000e9280000,0x00000000e9280000,0x00000000ec280000)
 ParOldGen       total 176128K, used 65745K [0x00000000a0000000, 0x00000000aac00000, 0x00000000e0000000)
  object space 176128K, 37% used [0x00000000a0000000,0x00000000a4034458,0x00000000aac00000)
 Metaspace       used 85045K, capacity 88260K, committed 88408K, reserved 1126400K
  class space    used 10843K, capacity 11529K, committed 11648K, reserved 1048576K
GC Heap History (10 events):
Event: 439.625 GC heap before
{Heap before GC invocations=30 (full 4):
 PSYoungGen      total 147968K, used 128512K [0x00000000e0000000, 0x00000000eb280000, 0x0000000100000000)
  eden space 128512K, 100% used [0x00000000e0000000,0x00000000e7d80000,0x00000000e7d80000)
  from space 19456K, 0% used [0x00000000e7f80000,0x00000000e7f80000,0x00000000e9280000)
  to   space 27136K, 0% used [0x00000000e9800000,0x00000000e9800000,0x00000000eb280000)
 ParOldGen       total 176128K, used 77656K [0x00000000a0000000, 0x00000000aac00000, 0x00000000e0000000)
  object space 176128K, 44% used [0x00000000a0000000,0x00000000a4bd6158,0x00000000aac00000)
 Metaspace       used 81822K, capacity 84978K, committed 85208K, reserved 1124352K
  class space    used 10549K, capacity 11234K, committed 11264K, reserved 1048576K
Event: 439.675 GC heap after
Heap after GC invocations=30 (full 4):
 PSYoungGen      total 148480K, used 27105K [0x00000000e0000000, 0x00000000ed700000, 0x0000000100000000)
  eden space 121344K, 0% used [0x00000000e0000000,0x00000000e0000000,0x00000000e7680000)
  from space 27136K, 99% used [0x00000000e9800000,0x00000000eb2784f8,0x00000000eb280000)
  to   space 34304K, 0% used [0x00000000e7680000,0x00000000e7680000,0x00000000e9800000)
 ParOldGen       total 176128K, used 85109K [0x00000000a0000000, 0x00000000aac00000, 0x00000000e0000000)
  object space 176128K, 48% used [0x00000000a0000000,0x00000000a531d740,0x00000000aac00000)
 Metaspace       used 81822K, capacity 84978K, committed 85208K, reserved 1124352K
  class space    used 10549K, capacity 11234K, committed 11264K, reserved 1048576K
}
Event: 440.463 GC heap before
{Heap before GC invocations=31 (full 4):
 PSYoungGen      total 148480K, used 148449K [0x00000000e0000000, 0x00000000ed700000, 0x0000000100000000)
  eden space 121344K, 100% used [0x00000000e0000000,0x00000000e7680000,0x00000000e7680000)
  from space 27136K, 99% used [0x00000000e9800000,0x00000000eb2784f8,0x00000000eb280000)
  to   space 34304K, 0% used [0x00000000e7680000,0x00000000e7680000,0x00000000e9800000)
 ParOldGen       total 176128K, used 85109K [0x00000000a0000000, 0x00000000aac00000, 0x00000000e0000000)
  object space 176128K, 48% used [0x00000000a0000000,0x00000000a531d740,0x00000000aac00000)
 Metaspace       used 82428K, capacity 85624K, committed 85848K, reserved 1124352K
  class space    used 10610K, capacity 11299K, committed 11392K, reserved 1048576K
Event: 440.537 GC heap after
Heap after GC invocations=31 (full 4):
 PSYoungGen      total 155648K, used 34276K [0x00000000e0000000, 0x00000000ef700000, 0x0000000100000000)
  eden space 121344K, 0% used [0x00000000e0000000,0x00000000e0000000,0x00000000e7680000)
  from space 34304K, 99% used [0x00000000e7680000,0x00000000e97f9038,0x00000000e9800000)
  to   space 51200K, 0% used [0x00000000ec500000,0x00000000ec500000,0x00000000ef700000)
 ParOldGen       total 176128K, used 115491K [0x00000000a0000000, 0x00000000aac00000, 0x00000000e0000000)
  object space 176128K, 65% used [0x00000000a0000000,0x00000000a70c8e20,0x00000000aac00000)
 Metaspace       used 82428K, capacity 85624K, committed 85848K, reserved 1124352K
  class space    used 10610K, capacity 11299K, committed 11392K, reserved 1048576K
}
Event: 443.454 GC heap before
{Heap before GC invocations=32 (full 4):
 PSYoungGen      total 155648K, used 155620K [0x00000000e0000000, 0x00000000ef700000, 0x0000000100000000)
  eden space 121344K, 100% used [0x00000000e0000000,0x00000000e7680000,0x00000000e7680000)
  from space 34304K, 99% used [0x00000000e7680000,0x00000000e97f9038,0x00000000e9800000)
  to   space 51200K, 0% used [0x00000000ec500000,0x00000000ec500000,0x00000000ef700000)
 ParOldGen       total 176128K, used 115491K [0x00000000a0000000, 0x00000000aac00000, 0x00000000e0000000)
  object space 176128K, 65% used [0x00000000a0000000,0x00000000a70c8e20,0x00000000aac00000)
 Metaspace       used 83811K, capacity 86968K, committed 87128K, reserved 1124352K
  class space    used 10685K, capacity 11363K, committed 11392K, reserved 1048576K
Event: 443.529 GC heap after
Heap after GC invocations=32 (full 4):
 PSYoungGen      total 196608K, used 22548K [0x00000000e0000000, 0x00000000ef280000, 0x0000000100000000)
  eden space 150016K, 0% used [0x00000000e0000000,0x00000000e0000000,0x00000000e9280000)
  from space 46592K, 48% used [0x00000000ec500000,0x00000000edb05360,0x00000000ef280000)
  to   space 49152K, 0% used [0x00000000e9280000,0x00000000e9280000,0x00000000ec280000)
 ParOldGen       total 176128K, used 149490K [0x00000000a0000000, 0x00000000aac00000, 0x00000000e0000000)
  object space 176128K, 84% used [0x00000000a0000000,0x00000000a91fcb18,0x00000000aac00000)
 Metaspace       used 83811K, capacity 86968K, committed 87128K, reserved 1124352K
  class space    used 10685K, capacity 11363K, committed 11392K, reserved 1048576K
}
Event: 443.529 GC heap before
{Heap before GC invocations=33 (full 5):
 PSYoungGen      total 196608K, used 22548K [0x00000000e0000000, 0x00000000ef280000, 0x0000000100000000)
  eden space 150016K, 0% used [0x00000000e0000000,0x00000000e0000000,0x00000000e9280000)
  from space 46592K, 48% used [0x00000000ec500000,0x00000000edb05360,0x00000000ef280000)
  to   space 49152K, 0% used [0x00000000e9280000,0x00000000e9280000,0x00000000ec280000)
 ParOldGen       total 176128K, used 149490K [0x00000000a0000000, 0x00000000aac00000, 0x00000000e0000000)
  object space 176128K, 84% used [0x00000000a0000000,0x00000000a91fcb18,0x00000000aac00000)
 Metaspace       used 83811K, capacity 86968K, committed 87128K, reserved 1124352K
  class space    used 10685K, capacity 11363K, committed 11392K, reserved 1048576K
Event: 444.630 GC heap after
Heap after GC invocations=33 (full 5):
 PSYoungGen      total 196608K, used 0K [0x00000000e0000000, 0x00000000ef280000, 0x0000000100000000)
  eden space 150016K, 0% used [0x00000000e0000000,0x00000000e0000000,0x00000000e9280000)
  from space 46592K, 0% used [0x00000000ec500000,0x00000000ec500000,0x00000000ef280000)
  to   space 49152K, 0% used [0x00000000e9280000,0x00000000e9280000,0x00000000ec280000)
 ParOldGen       total 176128K, used 160108K [0x00000000a0000000, 0x00000000aac00000, 0x00000000e0000000)
  object space 176128K, 90% used [0x00000000a0000000,0x00000000a9c5b3c0,0x00000000aac00000)
 Metaspace       used 83811K, capacity 86968K, committed 87128K, reserved 1124352K
  class space    used 10685K, capacity 11363K, committed 11392K, reserved 1048576K
}
Event: 447.521 GC heap before
{Heap before GC invocations=34 (full 6):
 PSYoungGen      total 196608K, used 150000K [0x00000000e0000000, 0x00000000ef280000, 0x0000000100000000)
  eden space 150016K, 99% used [0x00000000e0000000,0x00000000e927c0e8,0x00000000e9280000)
  from space 46592K, 0% used [0x00000000ec500000,0x00000000ec500000,0x00000000ef280000)
  to   space 49152K, 0% used [0x00000000e9280000,0x00000000e9280000,0x00000000ec280000)
 ParOldGen       total 176128K, used 160108K [0x00000000a0000000, 0x00000000aac00000, 0x00000000e0000000)
  object space 176128K, 90% used [0x00000000a0000000,0x00000000a9c5b3c0,0x00000000aac00000)
 Metaspace       used 84071K, capacity 87234K, committed 87512K, reserved 1126400K
  class space    used 10703K, capacity 11402K, committed 11520K, reserved 1048576K
Event: 447.749 GC heap after
Heap after GC invocations=34 (full 6):
 PSYoungGen      total 196608K, used 0K [0x00000000e0000000, 0x00000000ef280000, 0x0000000100000000)
  eden space 150016K, 0% used [0x00000000e0000000,0x00000000e0000000,0x00000000e9280000)
  from space 46592K, 0% used [0x00000000ec500000,0x00000000ec500000,0x00000000ef280000)
  to   space 49152K, 0% used [0x00000000e9280000,0x00000000e9280000,0x00000000ec280000)
 ParOldGen       total 176128K, used 65745K [0x00000000a0000000, 0x00000000aac00000, 0x00000000e0000000)
  object space 176128K, 37% used [0x00000000a0000000,0x00000000a4034458,0x00000000aac00000)
 Metaspace       used 83324K, capacity 86416K, committed 87512K, reserved 1126400K
  class space    used 10619K, capacity 11297K, committed 11520K, reserved 1048576K
}

