# JRE version: OpenJDK Runtime Environment (8.0_212-b04) (build 1.8.0_212-release-1586-b04)
# Java VM: OpenJDK 64-Bit Server VM (25.212-b04 mixed mode windows-amd64 compressed oops)
Heap:
 PSYoungGen      total 397312K, used 270336K [0x00000000e0000000, 0x00000000fff80000, 0x0000000100000000)
  eden space 270336K, 100% used [0x00000000e0000000,0x00000000f0800000,0x00000000f0800000)
  from space 126976K, 0% used [0x00000000f0800000,0x00000000f0800000,0x00000000f8400000)
  to   space 124928K, 65% used [0x00000000f8580000,0x00000000fd535c58,0x00000000fff80000)
 ParOldGen       total 355840K, used 80636K [0x00000000a0000000, 0x00000000b5b80000, 0x00000000e0000000)
  object space 355840K, 22% used [0x00000000a0000000,0x00000000a4ebf020,0x00000000b5b80000)
 Metaspace       used 99265K, capacity 104483K, committed 107824K, reserved 1142784K
  class space    used 12439K, capacity 13400K, committed 13872K, reserved 1048576K
GC Heap History (10 events):
Event: 7542.967 GC heap after
Heap after GC invocations=71 (full 9):
 PSYoungGen      total 392192K, used 82489K [0x00000000e0000000, 0x0000000100000000, 0x0000000100000000)
  eden space 270336K, 0% used [0x00000000e0000000,0x00000000e0000000,0x00000000f0800000)
  from space 121856K, 67% used [0x00000000f8900000,0x00000000fd98e5f8,0x0000000100000000)
  to   space 126976K, 0% used [0x00000000f0800000,0x00000000f0800000,0x00000000f8400000)
 ParOldGen       total 443904K, used 295883K [0x00000000a0000000, 0x00000000bb180000, 0x00000000e0000000)
  object space 443904K, 66% used [0x00000000a0000000,0x00000000b20f2d58,0x00000000bb180000)
 Metaspace       used 100952K, capacity 105511K, committed 106928K, reserved 1142784K
  class space    used 12582K, capacity 13484K, committed 13744K, reserved 1048576K
}
Event: 7575.204 GC heap before
{Heap before GC invocations=72 (full 9):
 PSYoungGen      total 392192K, used 352825K [0x00000000e0000000, 0x0000000100000000, 0x0000000100000000)
  eden space 270336K, 100% used [0x00000000e0000000,0x00000000f0800000,0x00000000f0800000)
  from space 121856K, 67% used [0x00000000f8900000,0x00000000fd98e5f8,0x0000000100000000)
  to   space 126976K, 0% used [0x00000000f0800000,0x00000000f0800000,0x00000000f8400000)
 ParOldGen       total 443904K, used 295883K [0x00000000a0000000, 0x00000000bb180000, 0x00000000e0000000)
  object space 443904K, 66% used [0x00000000a0000000,0x00000000b20f2d58,0x00000000bb180000)
 Metaspace       used 101714K, capacity 107095K, committed 107312K, reserved 1142784K
  class space    used 12722K, capacity 13754K, committed 13872K, reserved 1048576K
Event: 7575.363 GC heap after
Heap after GC invocations=72 (full 9):
 PSYoungGen      total 397312K, used 28245K [0x00000000e0000000, 0x00000000ffe00000, 0x0000000100000000)
  eden space 270336K, 0% used [0x00000000e0000000,0x00000000e0000000,0x00000000f0800000)
  from space 126976K, 22% used [0x00000000f0800000,0x00000000f2395450,0x00000000f8400000)
  to   space 123392K, 0% used [0x00000000f8580000,0x00000000f8580000,0x00000000ffe00000)
 ParOldGen       total 443904K, used 296007K [0x00000000a0000000, 0x00000000bb180000, 0x00000000e0000000)
  object space 443904K, 66% used [0x00000000a0000000,0x00000000b2111d68,0x00000000bb180000)
 Metaspace       used 101714K, capacity 107095K, committed 107312K, reserved 1142784K
  class space    used 12722K, capacity 13754K, committed 13872K, reserved 1048576K
}
Event: 7579.099 GC heap before
{Heap before GC invocations=73 (full 9):
 PSYoungGen      total 397312K, used 298581K [0x00000000e0000000, 0x00000000ffe00000, 0x0000000100000000)
  eden space 270336K, 100% used [0x00000000e0000000,0x00000000f0800000,0x00000000f0800000)
  from space 126976K, 22% used [0x00000000f0800000,0x00000000f2395450,0x00000000f8400000)
  to   space 123392K, 0% used [0x00000000f8580000,0x00000000f8580000,0x00000000ffe00000)
 ParOldGen       total 443904K, used 296007K [0x00000000a0000000, 0x00000000bb180000, 0x00000000e0000000)
  object space 443904K, 66% used [0x00000000a0000000,0x00000000b2111d68,0x00000000bb180000)
 Metaspace       used 102218K, capacity 107677K, committed 107824K, reserved 1142784K
  class space    used 12774K, capacity 13819K, committed 13872K, reserved 1048576K
Event: 7580.087 GC heap after
Heap after GC invocations=73 (full 9):
 PSYoungGen      total 393728K, used 78294K [0x00000000e0000000, 0x0000000100000000, 0x0000000100000000)
  eden space 270336K, 0% used [0x00000000e0000000,0x00000000e0000000,0x00000000f0800000)
  from space 123392K, 63% used [0x00000000f8580000,0x00000000fd1f5b20,0x00000000ffe00000)
  to   space 126976K, 0% used [0x00000000f0800000,0x00000000f0800000,0x00000000f8400000)
 ParOldGen       total 443904K, used 312188K [0x00000000a0000000, 0x00000000bb180000, 0x00000000e0000000)
  object space 443904K, 70% used [0x00000000a0000000,0x00000000b30df240,0x00000000bb180000)
 Metaspace       used 102218K, capacity 107677K, committed 107824K, reserved 1142784K
  class space    used 12774K, capacity 13819K, committed 13872K, reserved 1048576K
}
Event: 7585.758 GC heap before
{Heap before GC invocations=74 (full 9):
 PSYoungGen      total 393728K, used 348630K [0x00000000e0000000, 0x0000000100000000, 0x0000000100000000)
  eden space 270336K, 100% used [0x00000000e0000000,0x00000000f0800000,0x00000000f0800000)
  from space 123392K, 63% used [0x00000000f8580000,0x00000000fd1f5b20,0x00000000ffe00000)
  to   space 126976K, 0% used [0x00000000f0800000,0x00000000f0800000,0x00000000f8400000)
 ParOldGen       total 443904K, used 312188K [0x00000000a0000000, 0x00000000bb180000, 0x00000000e0000000)
  object space 443904K, 70% used [0x00000000a0000000,0x00000000b30df240,0x00000000bb180000)
 Metaspace       used 102240K, capacity 107687K, committed 107824K, reserved 1142784K
  class space    used 12775K, capacity 13820K, committed 13872K, reserved 1048576K
Event: 7585.958 GC heap after
Heap after GC invocations=74 (full 9):
 PSYoungGen      total 397312K, used 18950K [0x00000000e0000000, 0x00000000fff80000, 0x0000000100000000)
  eden space 270336K, 0% used [0x00000000e0000000,0x00000000e0000000,0x00000000f0800000)
  from space 126976K, 14% used [0x00000000f0800000,0x00000000f1a819f0,0x00000000f8400000)
  to   space 124928K, 0% used [0x00000000f8580000,0x00000000f8580000,0x00000000fff80000)
 ParOldGen       total 443904K, used 388911K [0x00000000a0000000, 0x00000000bb180000, 0x00000000e0000000)
  object space 443904K, 87% used [0x00000000a0000000,0x00000000b7bcbf38,0x00000000bb180000)
 Metaspace       used 102240K, capacity 107687K, committed 107824K, reserved 1142784K
  class space    used 12775K, capacity 13820K, committed 13872K, reserved 1048576K
}
Event: 7585.958 GC heap before
{Heap before GC invocations=75 (full 10):
 PSYoungGen      total 397312K, used 18950K [0x00000000e0000000, 0x00000000fff80000, 0x0000000100000000)
  eden space 270336K, 0% used [0x00000000e0000000,0x00000000e0000000,0x00000000f0800000)
  from space 126976K, 14% used [0x00000000f0800000,0x00000000f1a819f0,0x00000000f8400000)
  to   space 124928K, 0% used [0x00000000f8580000,0x00000000f8580000,0x00000000fff80000)
 ParOldGen       total 443904K, used 388911K [0x00000000a0000000, 0x00000000bb180000, 0x00000000e0000000)
  object space 443904K, 87% used [0x00000000a0000000,0x00000000b7bcbf38,0x00000000bb180000)
 Metaspace       used 102240K, capacity 107687K, committed 107824K, reserved 1142784K
  class space    used 12775K, capacity 13820K, committed 13872K, reserved 1048576K
Event: 7586.457 GC heap after
Heap after GC invocations=75 (full 10):
 PSYoungGen      total 397312K, used 0K [0x00000000e0000000, 0x00000000fff80000, 0x0000000100000000)
  eden space 270336K, 0% used [0x00000000e0000000,0x00000000e0000000,0x00000000f0800000)
  from space 126976K, 0% used [0x00000000f0800000,0x00000000f0800000,0x00000000f8400000)
  to   space 124928K, 0% used [0x00000000f8580000,0x00000000f8580000,0x00000000fff80000)
 ParOldGen       total 355840K, used 80636K [0x00000000a0000000, 0x00000000b5b80000, 0x00000000e0000000)
  object space 355840K, 22% used [0x00000000a0000000,0x00000000a4ebf020,0x00000000b5b80000)
 Metaspace       used 99240K, capacity 104415K, committed 107824K, reserved 1142784K
  class space    used 12439K, capacity 13400K, committed 13872K, reserved 1048576K
}
Event: 7588.459 GC heap before
{Heap before GC invocations=76 (full 10):
 PSYoungGen      total 397312K, used 270336K [0x00000000e0000000, 0x00000000fff80000, 0x0000000100000000)
  eden space 270336K, 100% used [0x00000000e0000000,0x00000000f0800000,0x00000000f0800000)
  from space 126976K, 0% used [0x00000000f0800000,0x00000000f0800000,0x00000000f8400000)
  to   space 124928K, 0% used [0x00000000f8580000,0x00000000f8580000,0x00000000fff80000)
 ParOldGen       total 355840K, used 80636K [0x00000000a0000000, 0x00000000b5b80000, 0x00000000e0000000)
  object space 355840K, 22% used [0x00000000a0000000,0x00000000a4ebf020,0x00000000b5b80000)
 Metaspace       used 99265K, capacity 104483K, committed 107824K, reserved 1142784K
  class space    used 12439K, capacity 13400K, committed 13872K, reserved 1048576K

