# JRE version: OpenJDK Runtime Environment (8.0_152-b01) (build 1.8.0_152-release-1343-b01)
# Java VM: OpenJDK 64-Bit Server VM (25.152-b01 mixed mode windows-amd64 compressed oops)
Heap:
 PSYoungGen      total 163840K, used 113549K [0x00000000e0000000, 0x00000000eed80000, 0x0000000100000000)
  eden space 149504K, 75% used [0x00000000e0000000,0x00000000e6ee3508,0x00000000e9200000)
  from space 14336K, 0% used [0x00000000ea080000,0x00000000ea080000,0x00000000eae80000)
  to   space 14848K, 0% used [0x00000000e9200000,0x00000000e9200000,0x00000000ea080000)
 ParOldGen       total 64512K, used 17908K [0x00000000a0000000, 0x00000000a3f00000, 0x00000000e0000000)
  object space 64512K, 27% used [0x00000000a0000000,0x00000000a117d0c0,0x00000000a3f00000)
 Metaspace       used 45052K, capacity 45866K, committed 46296K, reserved 1089536K
  class space    used 6071K, capacity 6354K, committed 6400K, reserved 1048576K
GC Heap History (10 events):
Event: 2.642 GC heap before
{Heap before GC invocations=6 (full 1):
 PSYoungGen      total 71680K, used 5088K [0x00000000e0000000, 0x00000000e9800000, 0x0000000100000000)
  eden space 66560K, 0% used [0x00000000e0000000,0x00000000e0000000,0x00000000e4100000)
  from space 5120K, 99% used [0x00000000e4100000,0x00000000e45f8030,0x00000000e4600000)
  to   space 11264K, 0% used [0x00000000e8d00000,0x00000000e8d00000,0x00000000e9800000)
 ParOldGen       total 87552K, used 9712K [0x00000000a0000000, 0x00000000a5580000, 0x00000000e0000000)
  object space 87552K, 11% used [0x00000000a0000000,0x00000000a097c3c0,0x00000000a5580000)
 Metaspace       used 20717K, capacity 21048K, committed 21248K, reserved 1067008K
  class space    used 2853K, capacity 2998K, committed 3072K, reserved 1048576K
Event: 2.687 GC heap after
Heap after GC invocations=6 (full 1):
 PSYoungGen      total 71680K, used 0K [0x00000000e0000000, 0x00000000e9800000, 0x0000000100000000)
  eden space 66560K, 0% used [0x00000000e0000000,0x00000000e0000000,0x00000000e4100000)
  from space 5120K, 0% used [0x00000000e4100000,0x00000000e4100000,0x00000000e4600000)
  to   space 11264K, 0% used [0x00000000e8d00000,0x00000000e8d00000,0x00000000e9800000)
 ParOldGen       total 64512K, used 9765K [0x00000000a0000000, 0x00000000a3f00000, 0x00000000e0000000)
  object space 64512K, 15% used [0x00000000a0000000,0x00000000a0989668,0x00000000a3f00000)
 Metaspace       used 20717K, capacity 21048K, committed 21248K, reserved 1067008K
  class space    used 2853K, capacity 2998K, committed 3072K, reserved 1048576K
}
Event: 3.477 GC heap before
{Heap before GC invocations=7 (full 1):
 PSYoungGen      total 71680K, used 66560K [0x00000000e0000000, 0x00000000e9800000, 0x0000000100000000)
  eden space 66560K, 100% used [0x00000000e0000000,0x00000000e4100000,0x00000000e4100000)
  from space 5120K, 0% used [0x00000000e4100000,0x00000000e4100000,0x00000000e4600000)
  to   space 11264K, 0% used [0x00000000e8d00000,0x00000000e8d00000,0x00000000e9800000)
 ParOldGen       total 64512K, used 9765K [0x00000000a0000000, 0x00000000a3f00000, 0x00000000e0000000)
  object space 64512K, 15% used [0x00000000a0000000,0x00000000a0989668,0x00000000a3f00000)
 Metaspace       used 28413K, capacity 28828K, committed 29184K, reserved 1075200K
  class space    used 3812K, capacity 3981K, committed 4096K, reserved 1048576K
Event: 3.487 GC heap after
Heap after GC invocations=7 (full 1):
 PSYoungGen      total 108544K, used 7872K [0x00000000e0000000, 0x00000000e9500000, 0x0000000100000000)
  eden space 100352K, 0% used [0x00000000e0000000,0x00000000e0000000,0x00000000e6200000)
  from space 8192K, 96% used [0x00000000e8d00000,0x00000000e94b0350,0x00000000e9500000)
  to   space 11264K, 0% used [0x00000000e7f00000,0x00000000e7f00000,0x00000000e8a00000)
 ParOldGen       total 64512K, used 9773K [0x00000000a0000000, 0x00000000a3f00000, 0x00000000e0000000)
  object space 64512K, 15% used [0x00000000a0000000,0x00000000a098b668,0x00000000a3f00000)
 Metaspace       used 28413K, capacity 28828K, committed 29184K, reserved 1075200K
  class space    used 3812K, capacity 3981K, committed 4096K, reserved 1048576K
}
Event: 4.670 GC heap before
{Heap before GC invocations=8 (full 1):
 PSYoungGen      total 108544K, used 108224K [0x00000000e0000000, 0x00000000e9500000, 0x0000000100000000)
  eden space 100352K, 100% used [0x00000000e0000000,0x00000000e6200000,0x00000000e6200000)
  from space 8192K, 96% used [0x00000000e8d00000,0x00000000e94b0350,0x00000000e9500000)
  to   space 11264K, 0% used [0x00000000e7f00000,0x00000000e7f00000,0x00000000e8a00000)
 ParOldGen       total 64512K, used 9773K [0x00000000a0000000, 0x00000000a3f00000, 0x00000000e0000000)
  object space 64512K, 15% used [0x00000000a0000000,0x00000000a098b668,0x00000000a3f00000)
 Metaspace       used 33244K, capacity 33672K, committed 34048K, reserved 1079296K
  class space    used 4570K, capacity 4748K, committed 4864K, reserved 1048576K
Event: 4.688 GC heap after
Heap after GC invocations=8 (full 1):
 PSYoungGen      total 141312K, used 11243K [0x00000000e0000000, 0x00000000eae80000, 0x0000000100000000)
  eden space 130048K, 0% used [0x00000000e0000000,0x00000000e0000000,0x00000000e7f00000)
  from space 11264K, 99% used [0x00000000e7f00000,0x00000000e89fad10,0x00000000e8a00000)
  to   space 14336K, 0% used [0x00000000ea080000,0x00000000ea080000,0x00000000eae80000)
 ParOldGen       total 64512K, used 12379K [0x00000000a0000000, 0x00000000a3f00000, 0x00000000e0000000)
  object space 64512K, 19% used [0x00000000a0000000,0x00000000a0c16ed8,0x00000000a3f00000)
 Metaspace       used 33244K, capacity 33672K, committed 34048K, reserved 1079296K
  class space    used 4570K, capacity 4748K, committed 4864K, reserved 1048576K
}
Event: 4.899 GC heap before
{Heap before GC invocations=9 (full 1):
 PSYoungGen      total 141312K, used 28209K [0x00000000e0000000, 0x00000000eae80000, 0x0000000100000000)
  eden space 130048K, 13% used [0x00000000e0000000,0x00000000e1091720,0x00000000e7f00000)
  from space 11264K, 99% used [0x00000000e7f00000,0x00000000e89fad10,0x00000000e8a00000)
  to   space 14336K, 0% used [0x00000000ea080000,0x00000000ea080000,0x00000000eae80000)
 ParOldGen       total 64512K, used 12379K [0x00000000a0000000, 0x00000000a3f00000, 0x00000000e0000000)
  object space 64512K, 19% used [0x00000000a0000000,0x00000000a0c16ed8,0x00000000a3f00000)
 Metaspace       used 34669K, capacity 35222K, committed 35416K, reserved 1079296K
  class space    used 4775K, capacity 4966K, committed 4992K, reserved 1048576K
Event: 4.915 GC heap after
Heap after GC invocations=9 (full 1):
 PSYoungGen      total 163840K, used 11211K [0x00000000e0000000, 0x00000000eed80000, 0x0000000100000000)
  eden space 149504K, 0% used [0x00000000e0000000,0x00000000e0000000,0x00000000e9200000)
  from space 14336K, 78% used [0x00000000ea080000,0x00000000eab72c78,0x00000000eae80000)
  to   space 14848K, 0% used [0x00000000e9200000,0x00000000e9200000,0x00000000ea080000)
 ParOldGen       total 64512K, used 12379K [0x00000000a0000000, 0x00000000a3f00000, 0x00000000e0000000)
  object space 64512K, 19% used [0x00000000a0000000,0x00000000a0c16ed8,0x00000000a3f00000)
 Metaspace       used 34669K, capacity 35222K, committed 35416K, reserved 1079296K
  class space    used 4775K, capacity 4966K, committed 4992K, reserved 1048576K
}
Event: 4.915 GC heap before
{Heap before GC invocations=10 (full 2):
 PSYoungGen      total 163840K, used 11211K [0x00000000e0000000, 0x00000000eed80000, 0x0000000100000000)
  eden space 149504K, 0% used [0x00000000e0000000,0x00000000e0000000,0x00000000e9200000)
  from space 14336K, 78% used [0x00000000ea080000,0x00000000eab72c78,0x00000000eae80000)
  to   space 14848K, 0% used [0x00000000e9200000,0x00000000e9200000,0x00000000ea080000)
 ParOldGen       total 64512K, used 12379K [0x00000000a0000000, 0x00000000a3f00000, 0x00000000e0000000)
  object space 64512K, 19% used [0x00000000a0000000,0x00000000a0c16ed8,0x00000000a3f00000)
 Metaspace       used 34669K, capacity 35222K, committed 35416K, reserved 1079296K
  class space    used 4775K, capacity 4966K, committed 4992K, reserved 1048576K
Event: 5.029 GC heap after
Heap after GC invocations=10 (full 2):
 PSYoungGen      total 163840K, used 0K [0x00000000e0000000, 0x00000000eed80000, 0x0000000100000000)
  eden space 149504K, 0% used [0x00000000e0000000,0x00000000e0000000,0x00000000e9200000)
  from space 14336K, 0% used [0x00000000ea080000,0x00000000ea080000,0x00000000eae80000)
  to   space 14848K, 0% used [0x00000000e9200000,0x00000000e9200000,0x00000000ea080000)
 ParOldGen       total 64512K, used 17908K [0x00000000a0000000, 0x00000000a3f00000, 0x00000000e0000000)
  object space 64512K, 27% used [0x00000000a0000000,0x00000000a117d0c0,0x00000000a3f00000)
 Metaspace       used 34669K, capacity 35222K, committed 35416K, reserved 1079296K
  class space    used 4775K, capacity 4966K, committed 4992K, reserved 1048576K
}

