# JRE version: OpenJDK Runtime Environment (8.0_152-b01) (build 1.8.0_152-release-1343-b01)
# Java VM: OpenJDK 64-Bit Server VM (25.152-b01 mixed mode windows-amd64 compressed oops)
Heap:
 PSYoungGen      total 71680K, used 53141K [0x00000000e0000000, 0x00000000e7a00000, 0x0000000100000000)
  eden space 66560K, 72% used [0x00000000e0000000,0x00000000e2ee5740,0x00000000e4100000)
  from space 5120K, 100% used [0x00000000e4100000,0x00000000e4600000,0x00000000e4600000)
  to   space 11264K, 0% used [0x00000000e6f00000,0x00000000e6f00000,0x00000000e7a00000)
 ParOldGen       total 63488K, used 15671K [0x00000000a0000000, 0x00000000a3e00000, 0x00000000e0000000)
  object space 63488K, 24% used [0x00000000a0000000,0x00000000a0f4dd40,0x00000000a3e00000)
 Metaspace       used 34161K, capacity 34738K, committed 35200K, reserved 1079296K
  class space    used 4710K, capacity 4892K, committed 4992K, reserved 1048576K
GC Heap History (10 events):
Event: 2.070 GC heap before
{Heap before GC invocations=4 (full 0):
 PSYoungGen      total 38400K, used 38388K [0x00000000e0000000, 0x00000000e4b00000, 0x0000000100000000)
  eden space 33280K, 100% used [0x00000000e0000000,0x00000000e2080000,0x00000000e2080000)
  from space 5120K, 99% used [0x00000000e2080000,0x00000000e257d290,0x00000000e2580000)
  to   space 5120K, 0% used [0x00000000e4600000,0x00000000e4600000,0x00000000e4b00000)
 ParOldGen       total 87552K, used 1864K [0x00000000a0000000, 0x00000000a5580000, 0x00000000e0000000)
  object space 87552K, 2% used [0x00000000a0000000,0x00000000a01d2368,0x00000000a5580000)
 Metaspace       used 16247K, capacity 16584K, committed 16896K, reserved 1062912K
  class space    used 2321K, capacity 2478K, committed 2560K, reserved 1048576K
Event: 2.086 GC heap after
Heap after GC invocations=4 (full 0):
 PSYoungGen      total 71680K, used 5088K [0x00000000e0000000, 0x00000000e4b00000, 0x0000000100000000)
  eden space 66560K, 0% used [0x00000000e0000000,0x00000000e0000000,0x00000000e4100000)
  from space 5120K, 99% used [0x00000000e4600000,0x00000000e4af8040,0x00000000e4b00000)
  to   space 5120K, 0% used [0x00000000e4100000,0x00000000e4100000,0x00000000e4600000)
 ParOldGen       total 87552K, used 5033K [0x00000000a0000000, 0x00000000a5580000, 0x00000000e0000000)
  object space 87552K, 5% used [0x00000000a0000000,0x00000000a04ea568,0x00000000a5580000)
 Metaspace       used 16247K, capacity 16584K, committed 16896K, reserved 1062912K
  class space    used 2321K, capacity 2478K, committed 2560K, reserved 1048576K
}
Event: 2.581 GC heap before
{Heap before GC invocations=5 (full 0):
 PSYoungGen      total 71680K, used 42359K [0x00000000e0000000, 0x00000000e4b00000, 0x0000000100000000)
  eden space 66560K, 55% used [0x00000000e0000000,0x00000000e2465f50,0x00000000e4100000)
  from space 5120K, 99% used [0x00000000e4600000,0x00000000e4af8040,0x00000000e4b00000)
  to   space 5120K, 0% used [0x00000000e4100000,0x00000000e4100000,0x00000000e4600000)
 ParOldGen       total 87552K, used 5033K [0x00000000a0000000, 0x00000000a5580000, 0x00000000e0000000)
  object space 87552K, 5% used [0x00000000a0000000,0x00000000a04ea568,0x00000000a5580000)
 Metaspace       used 20709K, capacity 21044K, committed 21248K, reserved 1067008K
  class space    used 2853K, capacity 2998K, committed 3072K, reserved 1048576K
Event: 2.593 GC heap after
Heap after GC invocations=5 (full 0):
 PSYoungGen      total 71680K, used 5092K [0x00000000e0000000, 0x00000000e4b00000, 0x0000000100000000)
  eden space 66560K, 0% used [0x00000000e0000000,0x00000000e0000000,0x00000000e4100000)
  from space 5120K, 99% used [0x00000000e4100000,0x00000000e45f9070,0x00000000e4600000)
  to   space 5120K, 0% used [0x00000000e4600000,0x00000000e4600000,0x00000000e4b00000)
 ParOldGen       total 87552K, used 9636K [0x00000000a0000000, 0x00000000a5580000, 0x00000000e0000000)
  object space 87552K, 11% used [0x00000000a0000000,0x00000000a09691d0,0x00000000a5580000)
 Metaspace       used 20709K, capacity 21044K, committed 21248K, reserved 1067008K
  class space    used 2853K, capacity 2998K, committed 3072K, reserved 1048576K
}
Event: 2.593 GC heap before
{Heap before GC invocations=6 (full 1):
 PSYoungGen      total 71680K, used 5092K [0x00000000e0000000, 0x00000000e4b00000, 0x0000000100000000)
  eden space 66560K, 0% used [0x00000000e0000000,0x00000000e0000000,0x00000000e4100000)
  from space 5120K, 99% used [0x00000000e4100000,0x00000000e45f9070,0x00000000e4600000)
  to   space 5120K, 0% used [0x00000000e4600000,0x00000000e4600000,0x00000000e4b00000)
 ParOldGen       total 87552K, used 9636K [0x00000000a0000000, 0x00000000a5580000, 0x00000000e0000000)
  object space 87552K, 11% used [0x00000000a0000000,0x00000000a09691d0,0x00000000a5580000)
 Metaspace       used 20709K, capacity 21044K, committed 21248K, reserved 1067008K
  class space    used 2853K, capacity 2998K, committed 3072K, reserved 1048576K
Event: 2.636 GC heap after
Heap after GC invocations=6 (full 1):
 PSYoungGen      total 71680K, used 0K [0x00000000e0000000, 0x00000000e4b00000, 0x0000000100000000)
  eden space 66560K, 0% used [0x00000000e0000000,0x00000000e0000000,0x00000000e4100000)
  from space 5120K, 0% used [0x00000000e4100000,0x00000000e4100000,0x00000000e4600000)
  to   space 5120K, 0% used [0x00000000e4600000,0x00000000e4600000,0x00000000e4b00000)
 ParOldGen       total 63488K, used 9763K [0x00000000a0000000, 0x00000000a3e00000, 0x00000000e0000000)
  object space 63488K, 15% used [0x00000000a0000000,0x00000000a0988d40,0x00000000a3e00000)
 Metaspace       used 20709K, capacity 21044K, committed 21248K, reserved 1067008K
  class space    used 2853K, capacity 2998K, committed 3072K, reserved 1048576K
}
Event: 3.529 GC heap before
{Heap before GC invocations=7 (full 1):
 PSYoungGen      total 71680K, used 66560K [0x00000000e0000000, 0x00000000e4b00000, 0x0000000100000000)
  eden space 66560K, 100% used [0x00000000e0000000,0x00000000e4100000,0x00000000e4100000)
  from space 5120K, 0% used [0x00000000e4100000,0x00000000e4100000,0x00000000e4600000)
  to   space 5120K, 0% used [0x00000000e4600000,0x00000000e4600000,0x00000000e4b00000)
 ParOldGen       total 63488K, used 9763K [0x00000000a0000000, 0x00000000a3e00000, 0x00000000e0000000)
  object space 63488K, 15% used [0x00000000a0000000,0x00000000a0988d40,0x00000000a3e00000)
 Metaspace       used 28369K, capacity 28792K, committed 29056K, reserved 1075200K
  class space    used 3805K, capacity 3949K, committed 3968K, reserved 1048576K
Event: 3.541 GC heap after
Heap after GC invocations=7 (full 1):
 PSYoungGen      total 71680K, used 5107K [0x00000000e0000000, 0x00000000e4b00000, 0x0000000100000000)
  eden space 66560K, 0% used [0x00000000e0000000,0x00000000e0000000,0x00000000e4100000)
  from space 5120K, 99% used [0x00000000e4600000,0x00000000e4afcf38,0x00000000e4b00000)
  to   space 5120K, 0% used [0x00000000e4100000,0x00000000e4100000,0x00000000e4600000)
 ParOldGen       total 63488K, used 12380K [0x00000000a0000000, 0x00000000a3e00000, 0x00000000e0000000)
  object space 63488K, 19% used [0x00000000a0000000,0x00000000a0c173b8,0x00000000a3e00000)
 Metaspace       used 28369K, capacity 28792K, committed 29056K, reserved 1075200K
  class space    used 3805K, capacity 3949K, committed 3968K, reserved 1048576K
}
Event: 4.016 GC heap before
{Heap before GC invocations=8 (full 1):
 PSYoungGen      total 71680K, used 71667K [0x00000000e0000000, 0x00000000e4b00000, 0x0000000100000000)
  eden space 66560K, 100% used [0x00000000e0000000,0x00000000e4100000,0x00000000e4100000)
  from space 5120K, 99% used [0x00000000e4600000,0x00000000e4afcf38,0x00000000e4b00000)
  to   space 5120K, 0% used [0x00000000e4100000,0x00000000e4100000,0x00000000e4600000)
 ParOldGen       total 63488K, used 12380K [0x00000000a0000000, 0x00000000a3e00000, 0x00000000e0000000)
  object space 63488K, 19% used [0x00000000a0000000,0x00000000a0c173b8,0x00000000a3e00000)
 Metaspace       used 31664K, capacity 32042K, committed 32512K, reserved 1077248K
  class space    used 4362K, capacity 4497K, committed 4608K, reserved 1048576K
Event: 4.026 GC heap after
Heap after GC invocations=8 (full 1):
 PSYoungGen      total 71680K, used 5120K [0x00000000e0000000, 0x00000000e7a00000, 0x0000000100000000)
  eden space 66560K, 0% used [0x00000000e0000000,0x00000000e0000000,0x00000000e4100000)
  from space 5120K, 100% used [0x00000000e4100000,0x00000000e4600000,0x00000000e4600000)
  to   space 11264K, 0% used [0x00000000e6f00000,0x00000000e6f00000,0x00000000e7a00000)
 ParOldGen       total 63488K, used 15671K [0x00000000a0000000, 0x00000000a3e00000, 0x00000000e0000000)
  object space 63488K, 24% used [0x00000000a0000000,0x00000000a0f4dd40,0x00000000a3e00000)
 Metaspace       used 31664K, capacity 32042K, committed 32512K, reserved 1077248K
  class space    used 4362K, capacity 4497K, committed 4608K, reserved 1048576K
}

