# JRE version: OpenJDK Runtime Environment (8.0_152-b01) (build 1.8.0_152-release-1343-b01)
# Java VM: OpenJDK 64-Bit Server VM (25.152-b01 mixed mode windows-amd64 compressed oops)
Heap:
 PSYoungGen      total 243712K, used 48954K [0x00000000e0000000, 0x00000000f4700000, 0x0000000100000000)
  eden space 221696K, 22% used [0x00000000e0000000,0x00000000e2fce9d8,0x00000000ed880000)
  from space 22016K, 0% used [0x00000000f3180000,0x00000000f3180000,0x00000000f4700000)
  to   space 19968K, 0% used [0x00000000ed880000,0x00000000ed880000,0x00000000eec00000)
 ParOldGen       total 109568K, used 109439K [0x00000000a0000000, 0x00000000a6b00000, 0x00000000e0000000)
  object space 109568K, 99% used [0x00000000a0000000,0x00000000a6adffa0,0x00000000a6b00000)
 Metaspace       used 76216K, capacity 78564K, committed 78808K, reserved 1118208K
  class space    used 9859K, capacity 10412K, committed 10496K, reserved 1048576K
GC Heap History (10 events):
Event: 70.767 GC heap before
{Heap before GC invocations=15 (full 3):
 PSYoungGen      total 183808K, used 168960K [0x00000000e0000000, 0x00000000efc00000, 0x0000000100000000)
  eden space 168960K, 100% used [0x00000000e0000000,0x00000000ea500000,0x00000000ea500000)
  from space 14848K, 0% used [0x00000000ea500000,0x00000000ea500000,0x00000000eb380000)
  to   space 16384K, 0% used [0x00000000eec00000,0x00000000eec00000,0x00000000efc00000)
 ParOldGen       total 107520K, used 37572K [0x00000000a0000000, 0x00000000a6900000, 0x00000000e0000000)
  object space 107520K, 34% used [0x00000000a0000000,0x00000000a24b1250,0x00000000a6900000)
 Metaspace       used 65668K, capacity 67770K, committed 67928K, reserved 1107968K
  class space    used 8809K, capacity 9319K, committed 9344K, reserved 1048576K
Event: 70.818 GC heap after
Heap after GC invocations=15 (full 3):
 PSYoungGen      total 238080K, used 16374K [0x00000000e0000000, 0x00000000f0400000, 0x0000000100000000)
  eden space 221696K, 0% used [0x00000000e0000000,0x00000000e0000000,0x00000000ed880000)
  from space 16384K, 99% used [0x00000000eec00000,0x00000000efbfd8a0,0x00000000efc00000)
  to   space 19968K, 0% used [0x00000000ed880000,0x00000000ed880000,0x00000000eec00000)
 ParOldGen       total 107520K, used 41658K [0x00000000a0000000, 0x00000000a6900000, 0x00000000e0000000)
  object space 107520K, 38% used [0x00000000a0000000,0x00000000a28aeb30,0x00000000a6900000)
 Metaspace       used 65668K, capacity 67770K, committed 67928K, reserved 1107968K
  class space    used 8809K, capacity 9319K, committed 9344K, reserved 1048576K
}
Event: 100.447 GC heap before
{Heap before GC invocations=16 (full 3):
 PSYoungGen      total 238080K, used 238070K [0x00000000e0000000, 0x00000000f0400000, 0x0000000100000000)
  eden space 221696K, 100% used [0x00000000e0000000,0x00000000ed880000,0x00000000ed880000)
  from space 16384K, 99% used [0x00000000eec00000,0x00000000efbfd8a0,0x00000000efc00000)
  to   space 19968K, 0% used [0x00000000ed880000,0x00000000ed880000,0x00000000eec00000)
 ParOldGen       total 107520K, used 41658K [0x00000000a0000000, 0x00000000a6900000, 0x00000000e0000000)
  object space 107520K, 38% used [0x00000000a0000000,0x00000000a28aeb30,0x00000000a6900000)
 Metaspace       used 73008K, capacity 75332K, committed 75480K, reserved 1114112K
  class space    used 9662K, capacity 10188K, committed 10240K, reserved 1048576K
Event: 100.532 GC heap after
Heap after GC invocations=16 (full 3):
 PSYoungGen      total 241664K, used 18521K [0x00000000e0000000, 0x00000000f4700000, 0x0000000100000000)
  eden space 221696K, 0% used [0x00000000e0000000,0x00000000e0000000,0x00000000ed880000)
  from space 19968K, 92% used [0x00000000ed880000,0x00000000eea967e8,0x00000000eec00000)
  to   space 22016K, 0% used [0x00000000f3180000,0x00000000f3180000,0x00000000f4700000)
 ParOldGen       total 107520K, used 56674K [0x00000000a0000000, 0x00000000a6900000, 0x00000000e0000000)
  object space 107520K, 52% used [0x00000000a0000000,0x00000000a3758ab0,0x00000000a6900000)
 Metaspace       used 73008K, capacity 75332K, committed 75480K, reserved 1114112K
  class space    used 9662K, capacity 10188K, committed 10240K, reserved 1048576K
}
Event: 103.959 GC heap before
{Heap before GC invocations=17 (full 3):
 PSYoungGen      total 241664K, used 240217K [0x00000000e0000000, 0x00000000f4700000, 0x0000000100000000)
  eden space 221696K, 100% used [0x00000000e0000000,0x00000000ed880000,0x00000000ed880000)
  from space 19968K, 92% used [0x00000000ed880000,0x00000000eea967e8,0x00000000eec00000)
  to   space 22016K, 0% used [0x00000000f3180000,0x00000000f3180000,0x00000000f4700000)
 ParOldGen       total 107520K, used 56674K [0x00000000a0000000, 0x00000000a6900000, 0x00000000e0000000)
  object space 107520K, 52% used [0x00000000a0000000,0x00000000a3758ab0,0x00000000a6900000)
 Metaspace       used 74738K, capacity 77098K, committed 77400K, reserved 1116160K
  class space    used 9785K, capacity 10349K, committed 10368K, reserved 1048576K
Event: 104.125 GC heap after
Heap after GC invocations=17 (full 3):
 PSYoungGen      total 243712K, used 21994K [0x00000000e0000000, 0x00000000f4700000, 0x0000000100000000)
  eden space 221696K, 0% used [0x00000000e0000000,0x00000000e0000000,0x00000000ed880000)
  from space 22016K, 99% used [0x00000000f3180000,0x00000000f46faae0,0x00000000f4700000)
  to   space 19968K, 0% used [0x00000000ed880000,0x00000000ed880000,0x00000000eec00000)
 ParOldGen       total 109568K, used 109448K [0x00000000a0000000, 0x00000000a6b00000, 0x00000000e0000000)
  object space 109568K, 99% used [0x00000000a0000000,0x00000000a6ae2178,0x00000000a6b00000)
 Metaspace       used 74738K, capacity 77098K, committed 77400K, reserved 1116160K
  class space    used 9785K, capacity 10349K, committed 10368K, reserved 1048576K
}
Event: 104.125 GC heap before
{Heap before GC invocations=18 (full 4):
 PSYoungGen      total 243712K, used 21994K [0x00000000e0000000, 0x00000000f4700000, 0x0000000100000000)
  eden space 221696K, 0% used [0x00000000e0000000,0x00000000e0000000,0x00000000ed880000)
  from space 22016K, 99% used [0x00000000f3180000,0x00000000f46faae0,0x00000000f4700000)
  to   space 19968K, 0% used [0x00000000ed880000,0x00000000ed880000,0x00000000eec00000)
 ParOldGen       total 109568K, used 109448K [0x00000000a0000000, 0x00000000a6b00000, 0x00000000e0000000)
  object space 109568K, 99% used [0x00000000a0000000,0x00000000a6ae2178,0x00000000a6b00000)
 Metaspace       used 74738K, capacity 77098K, committed 77400K, reserved 1116160K
  class space    used 9785K, capacity 10349K, committed 10368K, reserved 1048576K
Event: 104.850 GC heap after
Heap after GC invocations=18 (full 4):
 PSYoungGen      total 243712K, used 6580K [0x00000000e0000000, 0x00000000f4700000, 0x0000000100000000)
  eden space 221696K, 0% used [0x00000000e0000000,0x00000000e0000000,0x00000000ed880000)
  from space 22016K, 29% used [0x00000000f3180000,0x00000000f37ed208,0x00000000f4700000)
  to   space 19968K, 0% used [0x00000000ed880000,0x00000000ed880000,0x00000000eec00000)
 ParOldGen       total 109568K, used 109295K [0x00000000a0000000, 0x00000000a6b00000, 0x00000000e0000000)
  object space 109568K, 99% used [0x00000000a0000000,0x00000000a6abbd70,0x00000000a6b00000)
 Metaspace       used 74736K, capacity 77092K, committed 77400K, reserved 1116160K
  class space    used 9785K, capacity 10348K, committed 10368K, reserved 1048576K
}
Event: 108.645 GC heap before
{Heap before GC invocations=19 (full 5):
 PSYoungGen      total 243712K, used 228276K [0x00000000e0000000, 0x00000000f4700000, 0x0000000100000000)
  eden space 221696K, 100% used [0x00000000e0000000,0x00000000ed880000,0x00000000ed880000)
  from space 22016K, 29% used [0x00000000f3180000,0x00000000f37ed208,0x00000000f4700000)
  to   space 19968K, 0% used [0x00000000ed880000,0x00000000ed880000,0x00000000eec00000)
 ParOldGen       total 109568K, used 109295K [0x00000000a0000000, 0x00000000a6b00000, 0x00000000e0000000)
  object space 109568K, 99% used [0x00000000a0000000,0x00000000a6abbd70,0x00000000a6b00000)
 Metaspace       used 76212K, capacity 78564K, committed 78808K, reserved 1118208K
  class space    used 9859K, capacity 10412K, committed 10496K, reserved 1048576K
Event: 109.559 GC heap after
Heap after GC invocations=19 (full 5):
 PSYoungGen      total 243712K, used 40482K [0x00000000e0000000, 0x00000000f4700000, 0x0000000100000000)
  eden space 221696K, 18% used [0x00000000e0000000,0x00000000e2788908,0x00000000ed880000)
  from space 22016K, 0% used [0x00000000f3180000,0x00000000f3180000,0x00000000f4700000)
  to   space 19968K, 0% used [0x00000000ed880000,0x00000000ed880000,0x00000000eec00000)
 ParOldGen       total 109568K, used 109439K [0x00000000a0000000, 0x00000000a6b00000, 0x00000000e0000000)
  object space 109568K, 99% used [0x00000000a0000000,0x00000000a6adffa0,0x00000000a6b00000)
 Metaspace       used 76212K, capacity 78564K, committed 78808K, reserved 1118208K
  class space    used 9859K, capacity 10412K, committed 10496K, reserved 1048576K
}

