# JRE version: OpenJDK Runtime Environment (8.0_202-b03) (build 1.8.0_202-release-1483-b03)
# Java VM: OpenJDK 64-Bit Server VM (25.202-b03 mixed mode windows-amd64 compressed oops)
Heap:
 PSYoungGen      total 201728K, used 140721K [0x00000000e0000000, 0x00000000ef900000, 0x0000000100000000)
  eden space 156672K, 76% used [0x00000000e0000000,0x00000000e7555e88,0x00000000e9900000)
  from space 45056K, 45% used [0x00000000ecd00000,0x00000000ee116818,0x00000000ef900000)
  to   space 49152K, 0% used [0x00000000e9900000,0x00000000e9900000,0x00000000ec900000)
 ParOldGen       total 246272K, used 82833K [0x00000000a0000000, 0x00000000af080000, 0x00000000e0000000)
  object space 246272K, 33% used [0x00000000a0000000,0x00000000a50e4538,0x00000000af080000)
 Metaspace       used 110399K, capacity 115806K, committed 115968K, reserved 1148928K
  class space    used 14348K, capacity 15582K, committed 15616K, reserved 1048576K
GC Heap History (10 events):
Event: 131.401 GC heap before
{Heap before GC invocations=28 (full 3):
 PSYoungGen      total 163328K, used 152142K [0x00000000e0000000, 0x00000000edc80000, 0x0000000100000000)
  eden space 118784K, 100% used [0x00000000e0000000,0x00000000e7400000,0x00000000e7400000)
  from space 44544K, 74% used [0x00000000ea200000,0x00000000ec293be8,0x00000000ecd80000)
  to   space 47104K, 0% used [0x00000000e7400000,0x00000000e7400000,0x00000000ea200000)
 ParOldGen       total 163840K, used 62133K [0x00000000a0000000, 0x00000000aa000000, 0x00000000e0000000)
  object space 163840K, 37% used [0x00000000a0000000,0x00000000a3cad7d8,0x00000000aa000000)
 Metaspace       used 92114K, capacity 96256K, committed 96512K, reserved 1132544K
  class space    used 12064K, capacity 12991K, committed 13056K, reserved 1048576K
Event: 131.575 GC heap after
Heap after GC invocations=28 (full 3):
 PSYoungGen      total 165888K, used 36335K [0x00000000e0000000, 0x00000000ee780000, 0x0000000100000000)
  eden space 118784K, 0% used [0x00000000e0000000,0x00000000e0000000,0x00000000e7400000)
  from space 47104K, 77% used [0x00000000e7400000,0x00000000e977bd70,0x00000000ea200000)
  to   space 50688K, 0% used [0x00000000eb600000,0x00000000eb600000,0x00000000ee780000)
 ParOldGen       total 163840K, used 65826K [0x00000000a0000000, 0x00000000aa000000, 0x00000000e0000000)
  object space 163840K, 40% used [0x00000000a0000000,0x00000000a4048868,0x00000000aa000000)
 Metaspace       used 92114K, capacity 96256K, committed 96512K, reserved 1132544K
  class space    used 12064K, capacity 12991K, committed 13056K, reserved 1048576K
}
Event: 133.992 GC heap before
{Heap before GC invocations=29 (full 3):
 PSYoungGen      total 165888K, used 89887K [0x00000000e0000000, 0x00000000ee780000, 0x0000000100000000)
  eden space 118784K, 45% used [0x00000000e0000000,0x00000000e344bee8,0x00000000e7400000)
  from space 47104K, 77% used [0x00000000e7400000,0x00000000e977bd70,0x00000000ea200000)
  to   space 50688K, 0% used [0x00000000eb600000,0x00000000eb600000,0x00000000ee780000)
 ParOldGen       total 163840K, used 65826K [0x00000000a0000000, 0x00000000aa000000, 0x00000000e0000000)
  object space 163840K, 40% used [0x00000000a0000000,0x00000000a4048868,0x00000000aa000000)
 Metaspace       used 94318K, capacity 98488K, committed 98600K, reserved 1134592K
  class space    used 12231K, capacity 13175K, committed 13184K, reserved 1048576K
Event: 134.298 GC heap after
Heap after GC invocations=29 (full 3):
 PSYoungGen      total 183808K, used 36940K [0x00000000e0000000, 0x00000000ef300000, 0x0000000100000000)
  eden space 133120K, 0% used [0x00000000e0000000,0x00000000e0000000,0x00000000e8200000)
  from space 50688K, 72% used [0x00000000eb600000,0x00000000eda133f8,0x00000000ee780000)
  to   space 53248K, 0% used [0x00000000e8200000,0x00000000e8200000,0x00000000eb600000)
 ParOldGen       total 163840K, used 65834K [0x00000000a0000000, 0x00000000aa000000, 0x00000000e0000000)
  object space 163840K, 40% used [0x00000000a0000000,0x00000000a404a868,0x00000000aa000000)
 Metaspace       used 94318K, capacity 98488K, committed 98600K, reserved 1134592K
  class space    used 12231K, capacity 13175K, committed 13184K, reserved 1048576K
}
Event: 134.298 GC heap before
{Heap before GC invocations=30 (full 4):
 PSYoungGen      total 183808K, used 36940K [0x00000000e0000000, 0x00000000ef300000, 0x0000000100000000)
  eden space 133120K, 0% used [0x00000000e0000000,0x00000000e0000000,0x00000000e8200000)
  from space 50688K, 72% used [0x00000000eb600000,0x00000000eda133f8,0x00000000ee780000)
  to   space 53248K, 0% used [0x00000000e8200000,0x00000000e8200000,0x00000000eb600000)
 ParOldGen       total 163840K, used 65834K [0x00000000a0000000, 0x00000000aa000000, 0x00000000e0000000)
  object space 163840K, 40% used [0x00000000a0000000,0x00000000a404a868,0x00000000aa000000)
 Metaspace       used 94318K, capacity 98488K, committed 98600K, reserved 1134592K
  class space    used 12231K, capacity 13175K, committed 13184K, reserved 1048576K
Event: 135.146 GC heap after
Heap after GC invocations=30 (full 4):
 PSYoungGen      total 183808K, used 0K [0x00000000e0000000, 0x00000000ef300000, 0x0000000100000000)
  eden space 133120K, 0% used [0x00000000e0000000,0x00000000e0000000,0x00000000e8200000)
  from space 50688K, 0% used [0x00000000eb600000,0x00000000eb600000,0x00000000ee780000)
  to   space 53248K, 0% used [0x00000000e8200000,0x00000000e8200000,0x00000000eb600000)
 ParOldGen       total 246272K, used 82825K [0x00000000a0000000, 0x00000000af080000, 0x00000000e0000000)
  object space 246272K, 33% used [0x00000000a0000000,0x00000000a50e2538,0x00000000af080000)
 Metaspace       used 94314K, capacity 98476K, committed 98600K, reserved 1134592K
  class space    used 12230K, capacity 13173K, committed 13184K, reserved 1048576K
}
Event: 432.405 GC heap before
{Heap before GC invocations=31 (full 4):
 PSYoungGen      total 183808K, used 133120K [0x00000000e0000000, 0x00000000ef300000, 0x0000000100000000)
  eden space 133120K, 100% used [0x00000000e0000000,0x00000000e8200000,0x00000000e8200000)
  from space 50688K, 0% used [0x00000000eb600000,0x00000000eb600000,0x00000000ee780000)
  to   space 53248K, 0% used [0x00000000e8200000,0x00000000e8200000,0x00000000eb600000)
 ParOldGen       total 246272K, used 82825K [0x00000000a0000000, 0x00000000af080000, 0x00000000e0000000)
  object space 246272K, 33% used [0x00000000a0000000,0x00000000a50e2538,0x00000000af080000)
 Metaspace       used 103603K, capacity 108300K, committed 108416K, reserved 1142784K
  class space    used 13404K, capacity 14453K, committed 14464K, reserved 1048576K
Event: 432.434 GC heap after
Heap after GC invocations=31 (full 4):
 PSYoungGen      total 186368K, used 16487K [0x00000000e0000000, 0x00000000eff80000, 0x0000000100000000)
  eden space 133120K, 0% used [0x00000000e0000000,0x00000000e0000000,0x00000000e8200000)
  from space 53248K, 30% used [0x00000000e8200000,0x00000000e9219db8,0x00000000eb600000)
  to   space 51712K, 0% used [0x00000000ecd00000,0x00000000ecd00000,0x00000000eff80000)
 ParOldGen       total 246272K, used 82833K [0x00000000a0000000, 0x00000000af080000, 0x00000000e0000000)
  object space 246272K, 33% used [0x00000000a0000000,0x00000000a50e4538,0x00000000af080000)
 Metaspace       used 103603K, capacity 108300K, committed 108416K, reserved 1142784K
  class space    used 13404K, capacity 14453K, committed 14464K, reserved 1048576K
}
Event: 435.327 GC heap before
{Heap before GC invocations=32 (full 4):
 PSYoungGen      total 186368K, used 149607K [0x00000000e0000000, 0x00000000eff80000, 0x0000000100000000)
  eden space 133120K, 100% used [0x00000000e0000000,0x00000000e8200000,0x00000000e8200000)
  from space 53248K, 30% used [0x00000000e8200000,0x00000000e9219db8,0x00000000eb600000)
  to   space 51712K, 0% used [0x00000000ecd00000,0x00000000ecd00000,0x00000000eff80000)
 ParOldGen       total 246272K, used 82833K [0x00000000a0000000, 0x00000000af080000, 0x00000000e0000000)
  object space 246272K, 33% used [0x00000000a0000000,0x00000000a50e4538,0x00000000af080000)
 Metaspace       used 108886K, capacity 114290K, committed 114560K, reserved 1148928K
  class space    used 14188K, capacity 15404K, committed 15488K, reserved 1048576K
Event: 435.369 GC heap after
Heap after GC invocations=32 (full 4):
 PSYoungGen      total 201728K, used 20570K [0x00000000e0000000, 0x00000000ef900000, 0x0000000100000000)
  eden space 156672K, 0% used [0x00000000e0000000,0x00000000e0000000,0x00000000e9900000)
  from space 45056K, 45% used [0x00000000ecd00000,0x00000000ee116818,0x00000000ef900000)
  to   space 49152K, 0% used [0x00000000e9900000,0x00000000e9900000,0x00000000ec900000)
 ParOldGen       total 246272K, used 82833K [0x00000000a0000000, 0x00000000af080000, 0x00000000e0000000)
  object space 246272K, 33% used [0x00000000a0000000,0x00000000a50e4538,0x00000000af080000)
 Metaspace       used 108886K, capacity 114290K, committed 114560K, reserved 1148928K
  class space    used 14188K, capacity 15404K, committed 15488K, reserved 1048576K
}

