# JRE version: OpenJDK Runtime Environment (8.0_212-b04) (build 1.8.0_212-release-1586-b04)
# Java VM: OpenJDK 64-Bit Server VM (25.212-b04 mixed mode windows-amd64 compressed oops)
Heap:
 PSYoungGen      total 223232K, used 220519K [0x00000000e0000000, 0x00000000f5180000, 0x0000000100000000)
  eden space 167424K, 98% used [0x00000000e0000000,0x00000000ea0dfb10,0x00000000ea380000)
  from space 55808K, 99% used [0x00000000eed80000,0x00000000f23fa3a0,0x00000000f2400000)
  to   space 75776K, 76% used [0x00000000ea380000,0x00000000edc23e60,0x00000000eed80000)
 ParOldGen       total 330752K, used 183606K [0x00000000a0000000, 0x00000000b4300000, 0x00000000e0000000)
  object space 330752K, 55% used [0x00000000a0000000,0x00000000ab34da20,0x00000000b4300000)
 Metaspace       used 82380K, capacity 85212K, committed 85424K, reserved 1124352K
  class space    used 10712K, capacity 11325K, committed 11440K, reserved 1048576K
GC Heap History (10 events):
Event: 60.763 GC heap after
Heap after GC invocations=20 (full 3):
 PSYoungGen      total 198144K, used 18964K [0x00000000e0000000, 0x00000000f0c00000, 0x0000000100000000)
  eden space 142848K, 0% used [0x00000000e0000000,0x00000000e0000000,0x00000000e8b80000)
  from space 55296K, 34% used [0x00000000e8b80000,0x00000000e9e05008,0x00000000ec180000)
  to   space 52224K, 0% used [0x00000000ed900000,0x00000000ed900000,0x00000000f0c00000)
 ParOldGen       total 151552K, used 145369K [0x00000000a0000000, 0x00000000a9400000, 0x00000000e0000000)
  object space 151552K, 95% used [0x00000000a0000000,0x00000000a8df6580,0x00000000a9400000)
 Metaspace       used 70775K, capacity 72642K, committed 72880K, reserved 1112064K
  class space    used 9288K, capacity 9812K, committed 9904K, reserved 1048576K
}
Event: 60.763 GC heap before
{Heap before GC invocations=21 (full 4):
 PSYoungGen      total 198144K, used 18964K [0x00000000e0000000, 0x00000000f0c00000, 0x0000000100000000)
  eden space 142848K, 0% used [0x00000000e0000000,0x00000000e0000000,0x00000000e8b80000)
  from space 55296K, 34% used [0x00000000e8b80000,0x00000000e9e05008,0x00000000ec180000)
  to   space 52224K, 0% used [0x00000000ed900000,0x00000000ed900000,0x00000000f0c00000)
 ParOldGen       total 151552K, used 145369K [0x00000000a0000000, 0x00000000a9400000, 0x00000000e0000000)
  object space 151552K, 95% used [0x00000000a0000000,0x00000000a8df6580,0x00000000a9400000)
 Metaspace       used 70775K, capacity 72642K, committed 72880K, reserved 1112064K
  class space    used 9288K, capacity 9812K, committed 9904K, reserved 1048576K
Event: 62.186 GC heap after
Heap after GC invocations=21 (full 4):
 PSYoungGen      total 198144K, used 0K [0x00000000e0000000, 0x00000000f0c00000, 0x0000000100000000)
  eden space 142848K, 0% used [0x00000000e0000000,0x00000000e0000000,0x00000000e8b80000)
  from space 55296K, 0% used [0x00000000e8b80000,0x00000000e8b80000,0x00000000ec180000)
  to   space 52224K, 0% used [0x00000000ed900000,0x00000000ed900000,0x00000000f0c00000)
 ParOldGen       total 330752K, used 149187K [0x00000000a0000000, 0x00000000b4300000, 0x00000000e0000000)
  object space 330752K, 45% used [0x00000000a0000000,0x00000000a91b0fd0,0x00000000b4300000)
 Metaspace       used 70775K, capacity 72642K, committed 72880K, reserved 1112064K
  class space    used 9288K, capacity 9812K, committed 9904K, reserved 1048576K
}
Event: 68.892 GC heap before
{Heap before GC invocations=22 (full 4):
 PSYoungGen      total 198144K, used 142848K [0x00000000e0000000, 0x00000000f0c00000, 0x0000000100000000)
  eden space 142848K, 100% used [0x00000000e0000000,0x00000000e8b80000,0x00000000e8b80000)
  from space 55296K, 0% used [0x00000000e8b80000,0x00000000e8b80000,0x00000000ec180000)
  to   space 52224K, 0% used [0x00000000ed900000,0x00000000ed900000,0x00000000f0c00000)
 ParOldGen       total 330752K, used 149187K [0x00000000a0000000, 0x00000000b4300000, 0x00000000e0000000)
  object space 330752K, 45% used [0x00000000a0000000,0x00000000a91b0fd0,0x00000000b4300000)
 Metaspace       used 71037K, capacity 72904K, committed 73136K, reserved 1112064K
  class space    used 9308K, capacity 9813K, committed 9904K, reserved 1048576K
Event: 68.917 GC heap after
Heap after GC invocations=22 (full 4):
 PSYoungGen      total 210944K, used 6864K [0x00000000e0000000, 0x00000000f0580000, 0x0000000100000000)
  eden space 165376K, 0% used [0x00000000e0000000,0x00000000e0000000,0x00000000ea180000)
  from space 45568K, 15% used [0x00000000ed900000,0x00000000edfb4010,0x00000000f0580000)
  to   space 51200K, 0% used [0x00000000ea180000,0x00000000ea180000,0x00000000ed380000)
 ParOldGen       total 330752K, used 149195K [0x00000000a0000000, 0x00000000b4300000, 0x00000000e0000000)
  object space 330752K, 45% used [0x00000000a0000000,0x00000000a91b2fd0,0x00000000b4300000)
 Metaspace       used 71037K, capacity 72904K, committed 73136K, reserved 1112064K
  class space    used 9308K, capacity 9813K, committed 9904K, reserved 1048576K
}
Event: 91.315 GC heap before
{Heap before GC invocations=23 (full 4):
 PSYoungGen      total 210944K, used 172240K [0x00000000e0000000, 0x00000000f0580000, 0x0000000100000000)
  eden space 165376K, 100% used [0x00000000e0000000,0x00000000ea180000,0x00000000ea180000)
  from space 45568K, 15% used [0x00000000ed900000,0x00000000edfb4010,0x00000000f0580000)
  to   space 51200K, 0% used [0x00000000ea180000,0x00000000ea180000,0x00000000ed380000)
 ParOldGen       total 330752K, used 149195K [0x00000000a0000000, 0x00000000b4300000, 0x00000000e0000000)
  object space 330752K, 45% used [0x00000000a0000000,0x00000000a91b2fd0,0x00000000b4300000)
 Metaspace       used 79517K, capacity 82118K, committed 82224K, reserved 1120256K
  class space    used 10379K, capacity 10988K, committed 11056K, reserved 1048576K
Event: 91.363 GC heap after
Heap after GC invocations=23 (full 4):
 PSYoungGen      total 216576K, used 39408K [0x00000000e0000000, 0x00000000f2400000, 0x0000000100000000)
  eden space 165376K, 0% used [0x00000000e0000000,0x00000000e0000000,0x00000000ea180000)
  from space 51200K, 76% used [0x00000000ea180000,0x00000000ec7fc1b8,0x00000000ed380000)
  to   space 55808K, 0% used [0x00000000eed80000,0x00000000eed80000,0x00000000f2400000)
 ParOldGen       total 330752K, used 149203K [0x00000000a0000000, 0x00000000b4300000, 0x00000000e0000000)
  object space 330752K, 45% used [0x00000000a0000000,0x00000000a91b4fd0,0x00000000b4300000)
 Metaspace       used 79517K, capacity 82118K, committed 82224K, reserved 1120256K
  class space    used 10379K, capacity 10988K, committed 11056K, reserved 1048576K
}
Event: 95.201 GC heap before
{Heap before GC invocations=24 (full 4):
 PSYoungGen      total 216576K, used 204784K [0x00000000e0000000, 0x00000000f2400000, 0x0000000100000000)
  eden space 165376K, 100% used [0x00000000e0000000,0x00000000ea180000,0x00000000ea180000)
  from space 51200K, 76% used [0x00000000ea180000,0x00000000ec7fc1b8,0x00000000ed380000)
  to   space 55808K, 0% used [0x00000000eed80000,0x00000000eed80000,0x00000000f2400000)
 ParOldGen       total 330752K, used 149203K [0x00000000a0000000, 0x00000000b4300000, 0x00000000e0000000)
  object space 330752K, 45% used [0x00000000a0000000,0x00000000a91b4fd0,0x00000000b4300000)
 Metaspace       used 80585K, capacity 83272K, committed 83376K, reserved 1122304K
  class space    used 10502K, capacity 11109K, committed 11184K, reserved 1048576K
Event: 95.388 GC heap after
Heap after GC invocations=24 (full 4):
 PSYoungGen      total 223232K, used 55784K [0x00000000e0000000, 0x00000000f5180000, 0x0000000100000000)
  eden space 167424K, 0% used [0x00000000e0000000,0x00000000e0000000,0x00000000ea380000)
  from space 55808K, 99% used [0x00000000eed80000,0x00000000f23fa3a0,0x00000000f2400000)
  to   space 75776K, 0% used [0x00000000ea380000,0x00000000ea380000,0x00000000eed80000)
 ParOldGen       total 330752K, used 178008K [0x00000000a0000000, 0x00000000b4300000, 0x00000000e0000000)
  object space 330752K, 53% used [0x00000000a0000000,0x00000000aadd60b0,0x00000000b4300000)
 Metaspace       used 80585K, capacity 83272K, committed 83376K, reserved 1122304K
  class space    used 10502K, capacity 11109K, committed 11184K, reserved 1048576K
}
Event: 98.530 GC heap before
{Heap before GC invocations=25 (full 4):
 PSYoungGen      total 223232K, used 220519K [0x00000000e0000000, 0x00000000f5180000, 0x0000000100000000)
  eden space 167424K, 98% used [0x00000000e0000000,0x00000000ea0dfb10,0x00000000ea380000)
  from space 55808K, 99% used [0x00000000eed80000,0x00000000f23fa3a0,0x00000000f2400000)
  to   space 75776K, 0% used [0x00000000ea380000,0x00000000ea380000,0x00000000eed80000)
 ParOldGen       total 330752K, used 178008K [0x00000000a0000000, 0x00000000b4300000, 0x00000000e0000000)
  object space 330752K, 53% used [0x00000000a0000000,0x00000000aadd60b0,0x00000000b4300000)
 Metaspace       used 82380K, capacity 85212K, committed 85424K, reserved 1124352K
  class space    used 10712K, capacity 11325K, committed 11440K, reserved 1048576K

