# JRE version: OpenJDK Runtime Environment (8.0_152-b01) (build 1.8.0_152-release-1343-b01)
# Java VM: OpenJDK 64-Bit Server VM (25.152-b01 mixed mode windows-amd64 compressed oops)
Heap:
 PSYoungGen      total 201216K, used 88961K [0x00000000e0000000, 0x00000000edd00000, 0x0000000100000000)
  eden space 183296K, 48% used [0x00000000e0000000,0x00000000e56e07e0,0x00000000eb300000)
  from space 17920K, 0% used [0x00000000ec800000,0x00000000ec800000,0x00000000ed980000)
  to   space 21504K, 0% used [0x00000000eb300000,0x00000000eb300000,0x00000000ec800000)
 ParOldGen       total 150016K, used 37305K [0x00000000a0000000, 0x00000000a9280000, 0x00000000e0000000)
  object space 150016K, 24% used [0x00000000a0000000,0x00000000a246e4d8,0x00000000a9280000)
 Metaspace       used 63043K, capacity 64934K, committed 64984K, reserved 1105920K
  class space    used 8499K, capacity 8957K, committed 8960K, reserved 1048576K
GC Heap History (10 events):
Event: 5.061 GC heap before
{Heap before GC invocations=9 (full 1):
 PSYoungGen      total 141312K, used 32737K [0x00000000e0000000, 0x00000000eae00000, 0x0000000100000000)
  eden space 130048K, 16% used [0x00000000e0000000,0x00000000e14fc3a0,0x00000000e7f00000)
  from space 11264K, 99% used [0x00000000e7f00000,0x00000000e89fc340,0x00000000e8a00000)
  to   space 13824K, 0% used [0x00000000ea080000,0x00000000ea080000,0x00000000eae00000)
 ParOldGen       total 65024K, used 11811K [0x00000000a0000000, 0x00000000a3f80000, 0x00000000e0000000)
  object space 65024K, 18% used [0x00000000a0000000,0x00000000a0b88f80,0x00000000a3f80000)
 Metaspace       used 34671K, capacity 35240K, committed 35416K, reserved 1079296K
  class space    used 4778K, capacity 4969K, committed 4992K, reserved 1048576K
Event: 5.090 GC heap after
Heap after GC invocations=9 (full 1):
 PSYoungGen      total 163328K, used 11297K [0x00000000e0000000, 0x00000000ef380000, 0x0000000100000000)
  eden space 149504K, 0% used [0x00000000e0000000,0x00000000e0000000,0x00000000e9200000)
  from space 13824K, 81% used [0x00000000ea080000,0x00000000eab88668,0x00000000eae00000)
  to   space 14848K, 0% used [0x00000000e9200000,0x00000000e9200000,0x00000000ea080000)
 ParOldGen       total 65024K, used 11819K [0x00000000a0000000, 0x00000000a3f80000, 0x00000000e0000000)
  object space 65024K, 18% used [0x00000000a0000000,0x00000000a0b8af80,0x00000000a3f80000)
 Metaspace       used 34671K, capacity 35240K, committed 35416K, reserved 1079296K
  class space    used 4778K, capacity 4969K, committed 4992K, reserved 1048576K
}
Event: 5.090 GC heap before
{Heap before GC invocations=10 (full 2):
 PSYoungGen      total 163328K, used 11297K [0x00000000e0000000, 0x00000000ef380000, 0x0000000100000000)
  eden space 149504K, 0% used [0x00000000e0000000,0x00000000e0000000,0x00000000e9200000)
  from space 13824K, 81% used [0x00000000ea080000,0x00000000eab88668,0x00000000eae00000)
  to   space 14848K, 0% used [0x00000000e9200000,0x00000000e9200000,0x00000000ea080000)
 ParOldGen       total 65024K, used 11819K [0x00000000a0000000, 0x00000000a3f80000, 0x00000000e0000000)
  object space 65024K, 18% used [0x00000000a0000000,0x00000000a0b8af80,0x00000000a3f80000)
 Metaspace       used 34671K, capacity 35240K, committed 35416K, reserved 1079296K
  class space    used 4778K, capacity 4969K, committed 4992K, reserved 1048576K
Event: 5.263 GC heap after
Heap after GC invocations=10 (full 2):
 PSYoungGen      total 163328K, used 0K [0x00000000e0000000, 0x00000000ef380000, 0x0000000100000000)
  eden space 149504K, 0% used [0x00000000e0000000,0x00000000e0000000,0x00000000e9200000)
  from space 13824K, 0% used [0x00000000ea080000,0x00000000ea080000,0x00000000eae00000)
  to   space 14848K, 0% used [0x00000000e9200000,0x00000000e9200000,0x00000000ea080000)
 ParOldGen       total 99840K, used 18062K [0x00000000a0000000, 0x00000000a6180000, 0x00000000e0000000)
  object space 99840K, 18% used [0x00000000a0000000,0x00000000a11a39f8,0x00000000a6180000)
 Metaspace       used 34666K, capacity 35222K, committed 35416K, reserved 1079296K
  class space    used 4776K, capacity 4966K, committed 4992K, reserved 1048576K
}
Event: 7.176 GC heap before
{Heap before GC invocations=11 (full 2):
 PSYoungGen      total 163328K, used 149504K [0x00000000e0000000, 0x00000000ef380000, 0x0000000100000000)
  eden space 149504K, 100% used [0x00000000e0000000,0x00000000e9200000,0x00000000e9200000)
  from space 13824K, 0% used [0x00000000ea080000,0x00000000ea080000,0x00000000eae00000)
  to   space 14848K, 0% used [0x00000000e9200000,0x00000000e9200000,0x00000000ea080000)
 ParOldGen       total 99840K, used 18062K [0x00000000a0000000, 0x00000000a6180000, 0x00000000e0000000)
  object space 99840K, 18% used [0x00000000a0000000,0x00000000a11a39f8,0x00000000a6180000)
 Metaspace       used 49888K, capacity 50810K, committed 51032K, reserved 1093632K
  class space    used 6705K, capacity 6982K, committed 7040K, reserved 1048576K
Event: 7.195 GC heap after
Heap after GC invocations=11 (full 2):
 PSYoungGen      total 164352K, used 14818K [0x00000000e0000000, 0x00000000ed980000, 0x0000000100000000)
  eden space 149504K, 0% used [0x00000000e0000000,0x00000000e0000000,0x00000000e9200000)
  from space 14848K, 99% used [0x00000000e9200000,0x00000000ea078850,0x00000000ea080000)
  to   space 17920K, 0% used [0x00000000ec800000,0x00000000ec800000,0x00000000ed980000)
 ParOldGen       total 99840K, used 21151K [0x00000000a0000000, 0x00000000a6180000, 0x00000000e0000000)
  object space 99840K, 21% used [0x00000000a0000000,0x00000000a14a7e08,0x00000000a6180000)
 Metaspace       used 49888K, capacity 50810K, committed 51032K, reserved 1093632K
  class space    used 6705K, capacity 6982K, committed 7040K, reserved 1048576K
}
Event: 9.016 GC heap before
{Heap before GC invocations=12 (full 2):
 PSYoungGen      total 164352K, used 147196K [0x00000000e0000000, 0x00000000ed980000, 0x0000000100000000)
  eden space 149504K, 88% used [0x00000000e0000000,0x00000000e81469a0,0x00000000e9200000)
  from space 14848K, 99% used [0x00000000e9200000,0x00000000ea078850,0x00000000ea080000)
  to   space 17920K, 0% used [0x00000000ec800000,0x00000000ec800000,0x00000000ed980000)
 ParOldGen       total 99840K, used 21151K [0x00000000a0000000, 0x00000000a6180000, 0x00000000e0000000)
  object space 99840K, 21% used [0x00000000a0000000,0x00000000a14a7e08,0x00000000a6180000)
 Metaspace       used 57414K, capacity 58928K, committed 59028K, reserved 1099776K
  class space    used 7709K, capacity 8092K, committed 8192K, reserved 1048576K
Event: 9.040 GC heap after
Heap after GC invocations=12 (full 2):
 PSYoungGen      total 201216K, used 17915K [0x00000000e0000000, 0x00000000edd00000, 0x0000000100000000)
  eden space 183296K, 0% used [0x00000000e0000000,0x00000000e0000000,0x00000000eb300000)
  from space 17920K, 99% used [0x00000000ec800000,0x00000000ed97efc0,0x00000000ed980000)
  to   space 21504K, 0% used [0x00000000eb300000,0x00000000eb300000,0x00000000ec800000)
 ParOldGen       total 99840K, used 24528K [0x00000000a0000000, 0x00000000a6180000, 0x00000000e0000000)
  object space 99840K, 24% used [0x00000000a0000000,0x00000000a17f4300,0x00000000a6180000)
 Metaspace       used 57414K, capacity 58928K, committed 59028K, reserved 1099776K
  class space    used 7709K, capacity 8092K, committed 8192K, reserved 1048576K
}
Event: 9.040 GC heap before
{Heap before GC invocations=13 (full 3):
 PSYoungGen      total 201216K, used 17915K [0x00000000e0000000, 0x00000000edd00000, 0x0000000100000000)
  eden space 183296K, 0% used [0x00000000e0000000,0x00000000e0000000,0x00000000eb300000)
  from space 17920K, 99% used [0x00000000ec800000,0x00000000ed97efc0,0x00000000ed980000)
  to   space 21504K, 0% used [0x00000000eb300000,0x00000000eb300000,0x00000000ec800000)
 ParOldGen       total 99840K, used 24528K [0x00000000a0000000, 0x00000000a6180000, 0x00000000e0000000)
  object space 99840K, 24% used [0x00000000a0000000,0x00000000a17f4300,0x00000000a6180000)
 Metaspace       used 57414K, capacity 58928K, committed 59028K, reserved 1099776K
  class space    used 7709K, capacity 8092K, committed 8192K, reserved 1048576K
Event: 9.260 GC heap after
Heap after GC invocations=13 (full 3):
 PSYoungGen      total 201216K, used 0K [0x00000000e0000000, 0x00000000edd00000, 0x0000000100000000)
  eden space 183296K, 0% used [0x00000000e0000000,0x00000000e0000000,0x00000000eb300000)
  from space 17920K, 0% used [0x00000000ec800000,0x00000000ec800000,0x00000000ed980000)
  to   space 21504K, 0% used [0x00000000eb300000,0x00000000eb300000,0x00000000ec800000)
 ParOldGen       total 150016K, used 37305K [0x00000000a0000000, 0x00000000a9280000, 0x00000000e0000000)
  object space 150016K, 24% used [0x00000000a0000000,0x00000000a246e4d8,0x00000000a9280000)
 Metaspace       used 57414K, capacity 58928K, committed 59028K, reserved 1099776K
  class space    used 7709K, capacity 8092K, committed 8192K, reserved 1048576K
}

